--- Начало проверки блоков ---
[2025-04-10T19:01:06Z] Получаем последний финализированный блок...
[2025-04-10T19:01:07Z] DEBUG: response = <!DOCTYPE html>
<html lang="en">
<head>
<meta charset="utf-8">
<title>Error</title>
</head>
<body>
<pre>Cannot POST /rpc</pre>
</body>
</html>
[2025-04-10T19:01:07Z] Ошибка при получении финализированного блока: [2025-04-10T19:01:07Z] DEBUG: response = <!DOCTYPE html>
<html lang="en">
<head>
<meta charset="utf-8">
<title>Error</title>
</head>
<body>
<pre>Cannot POST /rpc</pre>
</body>
</html>
<!DOCTYPE html>
<html lang="en">
<head>
<meta charset="utf-8">
<title>Error</title>
</head>
<body>
<pre>Cannot POST /rpc</pre>
</body>
</html>
